ERROR:root:Caught an error
Traceback (most recent call last):
  File "c:\Users\Cr\Locatedraw\Locate-draw\ezdrawl.py", line 251, in hlabel
    sg.Graph.draw_text(graph, msg.upper(), (x, y), font="Arial " + str(size) + " normal")
AttributeError: 'NoneType' object has no attribute 'upper'
ERROR:root:Caught an error
Traceback (most recent call last):
  File "c:\Users\Cr\Locatedraw\Locate-draw\ezdrawl.py", line 251, in hlabel
    sg.Graph.draw_text(graph, msg.upper(), (x, y), font="Arial " + str(size) + " normal")
AttributeError: 'NoneType' object has no attribute 'upper'
ERROR:root:Caught an error
Traceback (most recent call last):
  File "c:\Users\Cr\Locatedraw\Locate-draw\ezdrawl.py", line 251, in hlabel
    sg.Graph.draw_text(graph, msg.upper(), (x, y), font="Arial " + str(size) + " normal")
AttributeError: 'NoneType' object has no attribute 'upper'
ERROR:root:Caught an error
Traceback (most recent call last):
  File "c:\Users\Cr\Locatedraw\Locate-draw\ezdrawl.py", line 251, in hlabel
    sg.Graph.draw_text(graph, msg.upper(), (x, y), font="Arial " + str(size) + " normal")
AttributeError: 'NoneType' object has no attribute 'upper'
ERROR:root:Caught an error
Traceback (most recent call last):
  File "c:\Users\Cr\Locatedraw\Locate-draw\ezdrawl.py", line 251, in hlabel
    sg.Graph.draw_text(graph, msg.upper(), (x, y), font="Arial " + str(size) + " normal")
AttributeError: 'NoneType' object has no attribute 'upper'
ERROR:root:Caught an error
Traceback (most recent call last):
  File "c:\Users\Cr\Locatedraw\Locate-draw\ezdrawl.py", line 264, in vlabel
    graph, msg.upper(), (x, y), font="Arial " + str(size) + " normal", angle=90
AttributeError: 'NoneType' object has no attribute 'upper'
ERROR:root:Caught an error
Traceback (most recent call last):
  File "c:\Users\Cr\Locatedraw\Locate-draw\ezdrawl.py", line 264, in vlabel
    graph, msg.upper(), (x, y), font="Arial " + str(size) + " normal", angle=90
AttributeError: 'NoneType' object has no attribute 'upper'
ERROR:root:Caught an error
Traceback (most recent call last):
  File "c:\Users\Cr\Locatedraw\Locate-draw\ezdrawl.py", line 264, in vlabel
    graph, msg.upper(), (x, y), font="Arial " + str(size) + " normal", angle=90
AttributeError: 'NoneType' object has no attribute 'upper'
ERROR:root:Caught an error
Traceback (most recent call last):
  File "c:\Users\Cr\Locatedraw\Locate-draw\ezdrawl.py", line 264, in vlabel
    graph, msg.upper(), (x, y), font="Arial " + str(size) + " normal", angle=90
AttributeError: 'NoneType' object has no attribute 'upper'
ERROR:root:Caught an error
Traceback (most recent call last):
  File "c:\Users\Cr\Locatedraw\Locate-draw\ezdrawl.py", line 264, in vlabel
    graph, msg.upper(), (x, y), font="Arial " + str(size) + " normal", angle=90
AttributeError: 'NoneType' object has no attribute 'upper'
2021-12-06 16:02:14,011
Traceback (most recent call last):
  File "c:\Users\Cr\Locatedraw\Locate-draw\ezdrawl.py", line 264, in vlabel
    graph, msg.upper(), (x, y), font="Arial " + str(size) + " normal", angle=90
AttributeError: 'NoneType' object has no attribute 'upper'
2021-12-06 21:24:00,057
Traceback (most recent call last):
  File "c:\Users\Cr\Locatedraw\Locate-draw\ezdrawl.py", line 282, in vlabelm
    graph, msg.lower(), (x, y), font="Arial " + str(size) + " normal", angle=90
AttributeError: 'NoneType' object has no attribute 'lower'
2021-12-06 21:24:39,877
Traceback (most recent call last):
  File "c:\Users\Cr\Locatedraw\Locate-draw\ezdrawl.py", line 267, in hlabelm
    sg.Graph.draw_text(graph, msg.lower(), (x, y), font="Arial " + str(size) + " normal")
AttributeError: 'NoneType' object has no attribute 'lower'
2021-12-06 21:24:57,160
Traceback (most recent call last):
  File "c:\Users\Cr\Locatedraw\Locate-draw\ezdrawl.py", line 267, in hlabelm
    sg.Graph.draw_text(graph, msg.lower(), (x, y), font="Arial " + str(size) + " normal")
AttributeError: 'NoneType' object has no attribute 'lower'
2021-12-06 21:25:04,472
Traceback (most recent call last):
  File "c:\Users\Cr\Locatedraw\Locate-draw\ezdrawl.py", line 267, in hlabelm
    sg.Graph.draw_text(graph, msg.lower(), (x, y), font="Arial " + str(size) + " normal")
AttributeError: 'NoneType' object has no attribute 'lower'
2021-12-06 21:25:21,655
Traceback (most recent call last):
  File "c:\Users\Cr\Locatedraw\Locate-draw\ezdrawl.py", line 267, in hlabelm
    sg.Graph.draw_text(graph, msg.lower(), (x, y), font="Arial " + str(size) + " normal")
AttributeError: 'NoneType' object has no attribute 'lower'
2021-12-06 21:25:34,301
Traceback (most recent call last):
  File "c:\Users\Cr\Locatedraw\Locate-draw\ezdrawl.py", line 267, in hlabelm
    sg.Graph.draw_text(graph, msg.lower(), (x, y), font="Arial " + str(size) + " normal")
AttributeError: 'NoneType' object has no attribute 'lower'
2021-12-06 21:25:49,427
Traceback (most recent call last):
  File "c:\Users\Cr\Locatedraw\Locate-draw\ezdrawl.py", line 267, in hlabelm
    sg.Graph.draw_text(graph, msg.lower(), (x, y), font="Arial " + str(size) + " normal")
AttributeError: 'NoneType' object has no attribute 'lower'
2021-12-06 21:33:49,773
Traceback (most recent call last):
  File "c:\Users\Cr\Locatedraw\Locate-draw\ezdrawl.py", line 282, in vlabelm
    graph, msg.lower(), (x, y), font="Arial " + str(size) + " normal", angle=90
AttributeError: 'NoneType' object has no attribute 'lower'
2021-12-06 21:34:10,527
Traceback (most recent call last):
  File "c:\Users\Cr\Locatedraw\Locate-draw\ezdrawl.py", line 282, in vlabelm
    graph, msg.lower(), (x, y), font="Arial " + str(size) + " normal", angle=90
AttributeError: 'NoneType' object has no attribute 'lower'
2021-12-06 21:35:07,282
Traceback (most recent call last):
  File "c:\Users\Cr\Locatedraw\Locate-draw\ezdrawl.py", line 267, in hlabelm
    sg.Graph.draw_text(graph, msg.lower(), (x, y), font="Arial " + str(size) + " normal")
AttributeError: 'NoneType' object has no attribute 'lower'
2021-12-06 21:35:22,034
Traceback (most recent call last):
  File "c:\Users\Cr\Locatedraw\Locate-draw\ezdrawl.py", line 267, in hlabelm
    sg.Graph.draw_text(graph, msg.lower(), (x, y), font="Arial " + str(size) + " normal")
AttributeError: 'NoneType' object has no attribute 'lower'
2021-12-06 21:36:03,327
Traceback (most recent call last):
  File "c:\Users\Cr\Locatedraw\Locate-draw\ezdrawl.py", line 267, in hlabelm
    sg.Graph.draw_text(graph, msg.lower(), (x, y), font="Arial " + str(size) + " normal")
AttributeError: 'NoneType' object has no attribute 'lower'
2021-12-06 21:36:14,001
Traceback (most recent call last):
  File "c:\Users\Cr\Locatedraw\Locate-draw\ezdrawl.py", line 267, in hlabelm
    sg.Graph.draw_text(graph, msg.lower(), (x, y), font="Arial " + str(size) + " normal")
AttributeError: 'NoneType' object has no attribute 'lower'
2021-12-06 21:36:26,885
Traceback (most recent call last):
  File "c:\Users\Cr\Locatedraw\Locate-draw\ezdrawl.py", line 282, in vlabelm
    graph, msg.lower(), (x, y), font="Arial " + str(size) + " normal", angle=90
AttributeError: 'NoneType' object has no attribute 'lower'
2021-12-06 21:36:37,787
Traceback (most recent call last):
  File "c:\Users\Cr\Locatedraw\Locate-draw\ezdrawl.py", line 282, in vlabelm
    graph, msg.lower(), (x, y), font="Arial " + str(size) + " normal", angle=90
AttributeError: 'NoneType' object has no attribute 'lower'
2021-12-06 21:38:24,014
Traceback (most recent call last):
  File "c:\Users\Cr\Locatedraw\Locate-draw\ezdrawl.py", line 261, in hlabel
    sg.Graph.draw_text(graph, msg.upper(), (x, y), font="Arial " + str(size) + " normal")
AttributeError: 'NoneType' object has no attribute 'upper'
2021-12-06 21:39:32,643
Traceback (most recent call last):
  File "c:\Users\Cr\Locatedraw\Locate-draw\ezdrawl.py", line 261, in hlabel
    sg.Graph.draw_text(graph, msg.upper(), (x, y), font="Arial " + str(size) + " normal")
AttributeError: 'NoneType' object has no attribute 'upper'
2021-12-06 21:44:56,154
Traceback (most recent call last):
  File "c:\Users\Cr\Locatedraw\Locate-draw\ezdrawl.py", line 282, in vlabelm
    graph, msg.lower(), (x, y), font="Arial " + str(size) + " normal", angle=90
AttributeError: 'NoneType' object has no attribute 'lower'
2021-12-06 21:47:34,464
Traceback (most recent call last):
  File "c:\Users\Cr\Locatedraw\Locate-draw\ezdrawl.py", line 282, in vlabelm
    graph, msg.lower(), (x, y), font="Arial " + str(size) + " normal", angle=90
AttributeError: 'NoneType' object has no attribute 'lower'
2021-12-06 21:48:29,529
Traceback (most recent call last):
  File "c:\Users\Cr\Locatedraw\Locate-draw\ezdrawl.py", line 282, in vlabelm
    graph, msg.lower(), (x, y), font="Arial " + str(size) + " normal", angle=90
AttributeError: 'NoneType' object has no attribute 'lower'
2021-12-06 21:48:34,955
Traceback (most recent call last):
  File "c:\Users\Cr\Locatedraw\Locate-draw\ezdrawl.py", line 282, in vlabelm
    graph, msg.lower(), (x, y), font="Arial " + str(size) + " normal", angle=90
AttributeError: 'NoneType' object has no attribute 'lower'
2021-12-06 21:50:00,302
Traceback (most recent call last):
  File "c:\Users\Cr\Locatedraw\Locate-draw\ezdrawl.py", line 267, in hlabelm
    sg.Graph.draw_text(graph, msg.lower(), (x, y), font="Arial " + str(size) + " normal")
AttributeError: 'NoneType' object has no attribute 'lower'
2021-12-08 11:40:32,067
Traceback (most recent call last):
  File "c:\Users\Cr\Locatedraw\Locate-draw\ezdrawl.py", line 289, in vlabel
    graph, msg.upper(), (x, y), font="Arial " + str(size) + " normal", angle=90
AttributeError: 'NoneType' object has no attribute 'upper'
2021-12-08 11:40:33,890
Traceback (most recent call last):
  File "c:\Users\Cr\Locatedraw\Locate-draw\ezdrawl.py", line 289, in vlabel
    graph, msg.upper(), (x, y), font="Arial " + str(size) + " normal", angle=90
AttributeError: 'NoneType' object has no attribute 'upper'
2021-12-08 11:40:38,958
Traceback (most recent call last):
  File "c:\Users\Cr\Locatedraw\Locate-draw\ezdrawl.py", line 289, in vlabel
    graph, msg.upper(), (x, y), font="Arial " + str(size) + " normal", angle=90
AttributeError: 'NoneType' object has no attribute 'upper'
2021-12-08 11:40:41,006
Traceback (most recent call last):
  File "c:\Users\Cr\Locatedraw\Locate-draw\ezdrawl.py", line 289, in vlabel
    graph, msg.upper(), (x, y), font="Arial " + str(size) + " normal", angle=90
AttributeError: 'NoneType' object has no attribute 'upper'
2021-12-08 11:45:55,166
Traceback (most recent call last):
  File "c:\Users\Cr\Locatedraw\Locate-draw\ezdrawl.py", line 287, in vlabel
    graph, msg.upper(), (x, y), font="Arial " + str(size) + " normal", angle=90
AttributeError: 'NoneType' object has no attribute 'upper'
2021-12-08 11:46:06,184
Traceback (most recent call last):
  File "c:\Users\Cr\Locatedraw\Locate-draw\ezdrawl.py", line 287, in vlabel
    graph, msg.upper(), (x, y), font="Arial " + str(size) + " normal", angle=90
AttributeError: 'NoneType' object has no attribute 'upper'
2021-12-08 11:46:10,886
Traceback (most recent call last):
  File "c:\Users\Cr\Locatedraw\Locate-draw\ezdrawl.py", line 287, in vlabel
    graph, msg.upper(), (x, y), font="Arial " + str(size) + " normal", angle=90
AttributeError: 'NoneType' object has no attribute 'upper'
2021-12-08 12:30:51,863
Traceback (most recent call last):
  File "c:\Users\Cr\Locatedraw\Locate-draw\ezdrawl.py", line 287, in vlabel
    graph, msg.upper(), (x, y), font="Arial " + str(size) + " normal", angle=90
AttributeError: 'NoneType' object has no attribute 'upper'
2021-12-08 12:34:47,989
Traceback (most recent call last):
  File "c:\Users\Cr\Locatedraw\Locate-draw\ezdrawl.py", line 274, in hlabel
    sg.Graph.draw_text(graph, msg.upper(), (x, y), font="Arial " + str(size) + " normal")
AttributeError: 'NoneType' object has no attribute 'upper'
2021-12-08 12:36:12,342
Traceback (most recent call last):
  File "c:\Users\Cr\Locatedraw\Locate-draw\ezdrawl.py", line 274, in hlabel
    sg.Graph.draw_text(graph, msg.upper(), (x, y), font="Arial " + str(size) + " normal")
AttributeError: 'NoneType' object has no attribute 'upper'
2021-12-08 13:56:27,778
Traceback (most recent call last):
  File "c:\Users\Cr\Locatedraw\Locate-draw\ezdrawl.py", line 287, in vlabel
    graph, msg.upper(), (x, y), font="Arial " + str(size) + " normal", angle=90
AttributeError: 'NoneType' object has no attribute 'upper'
2021-12-10 10:39:01,502
Traceback (most recent call last):
  File "c:\Users\Cr\Locatedraw\Locate-draw\ezdrawl.py", line 579, in short_gas
    house(11,18,'l',hnum)
  File "c:\Users\Cr\Locatedraw\Locate-draw\ezdrawl.py", line 531, in house
    group('house_l,x')
TypeError: group() missing 1 required positional argument: 'figure'
2021-12-10 10:42:15,554
Traceback (most recent call last):
  File "c:\Users\Cr\Locatedraw\Locate-draw\ezdrawl.py", line 569, in short_gas
    if dir.lower() == 'n':
AttributeError: 'NoneType' object has no attribute 'lower'
2021-12-10 11:02:26,721
Traceback (most recent call last):
  File "c:\Users\Cr\Locatedraw\Locate-draw\ezdrawl.py", line 67, in convert_measurement
    if len(meas) == 1:
TypeError: object of type 'NoneType' has no len()
2021-12-10 11:02:26,722
Traceback (most recent call last):
  File "c:\Users\Cr\Locatedraw\Locate-draw\ezdrawl.py", line 283, in hlabelm
    sg.Graph.draw_text(graph, msg.lower(), (x, y), font="Arial " + str(size) + " normal")
AttributeError: 'NoneType' object has no attribute 'lower'
2021-12-10 11:02:54,782
Traceback (most recent call last):
  File "c:\Users\Cr\Locatedraw\Locate-draw\ezdrawl.py", line 67, in convert_measurement
    if len(meas) == 1:
TypeError: object of type 'NoneType' has no len()
2021-12-10 11:02:54,783
Traceback (most recent call last):
  File "c:\Users\Cr\Locatedraw\Locate-draw\ezdrawl.py", line 283, in hlabelm
    sg.Graph.draw_text(graph, msg.lower(), (x, y), font="Arial " + str(size) + " normal")
AttributeError: 'NoneType' object has no attribute 'lower'
2021-12-10 11:59:01,120
Traceback (most recent call last):
  File "c:\Users\Cr\Locatedraw\Locate-draw\ezdrawl.py", line 277, in hlabel
    sg.Graph.draw_text(graph, msg.upper(), (x, y), font="Arial " + str(size) + " normal")
AttributeError: 'NoneType' object has no attribute 'upper'
2021-12-10 11:59:02,131
Traceback (most recent call last):
  File "c:\Users\Cr\Locatedraw\Locate-draw\ezdrawl.py", line 277, in hlabel
    sg.Graph.draw_text(graph, msg.upper(), (x, y), font="Arial " + str(size) + " normal")
AttributeError: 'NoneType' object has no attribute 'upper'
2021-12-10 11:59:02,822
Traceback (most recent call last):
  File "c:\Users\Cr\Locatedraw\Locate-draw\ezdrawl.py", line 277, in hlabel
    sg.Graph.draw_text(graph, msg.upper(), (x, y), font="Arial " + str(size) + " normal")
AttributeError: 'NoneType' object has no attribute 'upper'
2021-12-10 11:59:03,029
Traceback (most recent call last):
  File "c:\Users\Cr\Locatedraw\Locate-draw\ezdrawl.py", line 277, in hlabel
    sg.Graph.draw_text(graph, msg.upper(), (x, y), font="Arial " + str(size) + " normal")
AttributeError: 'NoneType' object has no attribute 'upper'
2021-12-10 11:59:03,193
Traceback (most recent call last):
  File "c:\Users\Cr\Locatedraw\Locate-draw\ezdrawl.py", line 277, in hlabel
    sg.Graph.draw_text(graph, msg.upper(), (x, y), font="Arial " + str(size) + " normal")
AttributeError: 'NoneType' object has no attribute 'upper'
2021-12-10 11:59:03,342
Traceback (most recent call last):
  File "c:\Users\Cr\Locatedraw\Locate-draw\ezdrawl.py", line 277, in hlabel
    sg.Graph.draw_text(graph, msg.upper(), (x, y), font="Arial " + str(size) + " normal")
AttributeError: 'NoneType' object has no attribute 'upper'
2021-12-10 11:59:03,503
Traceback (most recent call last):
  File "c:\Users\Cr\Locatedraw\Locate-draw\ezdrawl.py", line 277, in hlabel
    sg.Graph.draw_text(graph, msg.upper(), (x, y), font="Arial " + str(size) + " normal")
AttributeError: 'NoneType' object has no attribute 'upper'
2021-12-10 11:59:03,648
Traceback (most recent call last):
  File "c:\Users\Cr\Locatedraw\Locate-draw\ezdrawl.py", line 277, in hlabel
    sg.Graph.draw_text(graph, msg.upper(), (x, y), font="Arial " + str(size) + " normal")
AttributeError: 'NoneType' object has no attribute 'upper'
2021-12-10 11:59:03,839
Traceback (most recent call last):
  File "c:\Users\Cr\Locatedraw\Locate-draw\ezdrawl.py", line 277, in hlabel
    sg.Graph.draw_text(graph, msg.upper(), (x, y), font="Arial " + str(size) + " normal")
AttributeError: 'NoneType' object has no attribute 'upper'
